<?xml version="1.0" encoding="UTF-8"?>
<!-- Generated by org.testng.reporters.JUnitReportReporter -->
<testsuite hostname="SANTOSH" failures="0" tests="1" name="com.example.invalid.InvalidLogin" time="4.797" errors="0" timestamp="2022-10-03T23:17:16 IST" skipped="0">
  <testcase classname="com.example.invalid.InvalidLogin" name="f" time="4.797"/>
  <system-out/>
</testsuite> <!-- com.example.invalid.InvalidLogin -->
