<?xml version="1.0" encoding="UTF-8"?>
<!-- Generated by org.testng.reporters.JUnitReportReporter -->
<testsuite hostname="SANTOSH" failures="0" tests="1" name="com.example.searchadd.SearchAdd" time="25.990" errors="0" timestamp="2022-10-03T23:18:08 IST" skipped="0">
  <testcase classname="com.example.searchadd.SearchAdd" name="f" time="25.990"/>
  <system-out/>
</testsuite> <!-- com.example.searchadd.SearchAdd -->
