<?xml version="1.0" encoding="UTF-8"?>
<!-- Generated by org.testng.reporters.JUnitReportReporter -->
<testsuite hostname="SANTOSH" failures="0" tests="1" name="com.example.valid.ValidLogin" time="6.322" errors="0" timestamp="2022-10-03T23:18:38 IST" skipped="0">
  <testcase classname="com.example.valid.ValidLogin" name="f" time="6.322"/>
  <system-out/>
</testsuite> <!-- com.example.valid.ValidLogin -->
